{
  "stats": {
    "suites": 1,
    "tests": 1,
    "passes": 1,
    "pending": 0,
    "failures": 0,
    "start": "2017-09-01T04:21:03.077Z",
    "end": "2017-09-01T04:21:03.201Z",
    "duration": 124,
    "testsRegistered": 1,
    "passPercent": 100,
    "pendingPercent": 0,
    "other": 0,
    "hasOther": false,
    "skipped": 0,
    "hasSkipped": false,
    "passPercentClass": "success",
    "pendingPercentClass": "danger"
  },
  "suites": {
    "title": "",
    "suites": [
      {
        "title": "test get input",
        "suites": [],
        "tests": [
          {
            "title": "should response ok when call add",
            "fullTitle": "test get input should response ok when call add",
            "timedOut": false,
            "duration": 90,
            "state": "passed",
            "speed": "slow",
            "pass": true,
            "fail": false,
            "pending": false,
            "code": "request(server)\n    .get('/users/userlist')\n    .expect(200, done);\n    //.expect(\"fizz\", done);",
            "err": {},
            "isRoot": false,
            "uuid": "541d6e25-23fe-43c6-8b59-09978ca0991b",
            "parentUUID": "7b6dc2fe-c745-4e6e-9738-f6f236fd4a57",
            "isHook": false,
            "skipped": false
          }
        ],
        "pending": [],
        "root": false,
        "_timeout": 2000,
        "file": "\\test.global.js",
        "uuid": "7b6dc2fe-c745-4e6e-9738-f6f236fd4a57",
        "beforeHooks": [],
        "afterHooks": [],
        "fullFile": "D:\\NodeJS\\my-webapp\\nodetest2\\test\\test.global.js",
        "passes": [
          {
            "title": "should response ok when call add",
            "fullTitle": "test get input should response ok when call add",
            "timedOut": false,
            "duration": 90,
            "state": "passed",
            "speed": "slow",
            "pass": true,
            "fail": false,
            "pending": false,
            "code": "request(server)\n    .get('/users/userlist')\n    .expect(200, done);\n    //.expect(\"fizz\", done);",
            "err": {},
            "isRoot": false,
            "uuid": "541d6e25-23fe-43c6-8b59-09978ca0991b",
            "parentUUID": "7b6dc2fe-c745-4e6e-9738-f6f236fd4a57",
            "isHook": false,
            "skipped": false
          }
        ],
        "failures": [],
        "skipped": [],
        "hasBeforeHooks": false,
        "hasAfterHooks": false,
        "hasTests": true,
        "hasSuites": false,
        "totalTests": 1,
        "totalPasses": 1,
        "totalFailures": 0,
        "totalPending": 0,
        "totalSkipped": 0,
        "hasPasses": true,
        "hasFailures": false,
        "hasPending": false,
        "hasSkipped": false,
        "duration": 90,
        "rootEmpty": false
      }
    ],
    "tests": [],
    "pending": [],
    "root": true,
    "_timeout": 2000,
    "uuid": "c1b1ff76-da2f-4641-af89-24258f57eca2",
    "beforeHooks": [],
    "afterHooks": [],
    "fullFile": "",
    "file": "",
    "passes": [],
    "failures": [],
    "skipped": [],
    "hasBeforeHooks": false,
    "hasAfterHooks": false,
    "hasTests": false,
    "hasSuites": true,
    "totalTests": 0,
    "totalPasses": 0,
    "totalFailures": 0,
    "totalPending": 0,
    "totalSkipped": 0,
    "hasPasses": false,
    "hasFailures": false,
    "hasPending": false,
    "hasSkipped": false,
    "duration": 0,
    "rootEmpty": true
  },
  "allTests": [
    {
      "title": "should response ok when call add",
      "fullTitle": "test get input should response ok when call add",
      "timedOut": false,
      "duration": 90,
      "state": "passed",
      "speed": "slow",
      "pass": true,
      "fail": false,
      "pending": false,
      "code": "request(server)\n    .get('/users/userlist')\n    .expect(200, done);\n    //.expect(\"fizz\", done);",
      "err": {},
      "isRoot": false,
      "uuid": "541d6e25-23fe-43c6-8b59-09978ca0991b",
      "parentUUID": "7b6dc2fe-c745-4e6e-9738-f6f236fd4a57",
      "isHook": false,
      "skipped": false
    }
  ],
  "allPending": [],
  "allPasses": [
    {
      "title": "should response ok when call add",
      "fullTitle": "test get input should response ok when call add",
      "timedOut": false,
      "duration": 90,
      "state": "passed",
      "speed": "slow",
      "pass": true,
      "fail": false,
      "pending": false,
      "code": "request(server)\n    .get('/users/userlist')\n    .expect(200, done);\n    //.expect(\"fizz\", done);",
      "err": {},
      "isRoot": false,
      "uuid": "541d6e25-23fe-43c6-8b59-09978ca0991b",
      "parentUUID": "7b6dc2fe-c745-4e6e-9738-f6f236fd4a57",
      "isHook": false,
      "skipped": false
    }
  ],
  "allFailures": [],
  "copyrightYear": 2017
}